<?xml version="1.0" encoding="UTF-8"?>
<testsuite name="com.cazucito.events.AppTest" tests="1" skipped="0" failures="0" errors="0" timestamp="2021-12-19T20:50:19" hostname="ORITHMO" time="0.002">
  <properties/>
  <testcase name="appHasAGreeting" classname="com.cazucito.events.AppTest" time="0.002"/>
  <system-out><![CDATA[]]></system-out>
  <system-err><![CDATA[]]></system-err>
</testsuite>
